20260311	03:49:15	1aeee1e2-739e-4696-8148-f373056760a7	undefined: undefined	undefined	undefined
20260311	07:24:24	b29c822c-7304-420d-845d-8e35770d576b	undefined: ETIMEOUT	querySrv	_mongodb._tcp.cluster0.ju1epyg.mongodb.net
20260311	07:29:17	99a7c6ce-38b4-450e-8fea-f454a338507e	undefined: ETIMEOUT	queryTxt	cluster0.ju1epyg.mongodb.net
20260311	07:30:13	e68df120-ed11-4290-b6a5-de0e75e993ca	undefined: ECONNREFUSED	queryTxt	cluster0.ju1epyg.mongodb.net
20260311	07:31:05	f99510c7-02db-46e0-9109-1c73fffdeccf	undefined: undefined	undefined	undefined
20260311	07:33:30	c7cd094e-ed73-4e9b-99c3-8ce56da891c7	undefined: ETIMEOUT	querySrv	_mongodb._tcp.cluster0.ju1epyg.mongodb.net
20260311	07:35:28	e316acb8-a819-499d-99d8-48625fe4eddc	undefined: ETIMEOUT	queryTxt	cluster0.ju1epyg.mongodb.net
20260311	07:41:42	99c42cab-c35a-44e8-af63-623b75ad695d	undefined: undefined	undefined	undefined
20260311	11:04:21	80b4486c-979f-48a3-8cdf-f79cfe524ca2	undefined: undefined	undefined	undefined
20260311	11:09:39	dc65890c-39d2-4395-a9b4-63f68fa9fe80	undefined: undefined	undefined	undefined
20260311	11:22:17	d2583819-f6f9-4124-9871-1acfc00ff5bb	undefined: ECONNREFUSED	querySrv	_mongodb._tcp.cluster0.ju1epyg.mongodb.net
20260311	11:22:31	85083a92-eb72-4378-8432-c972cf57e156	undefined: ECONNREFUSED	querySrv	_mongodb._tcp.cluster0.ju1epyg.mongodb.net
20260317	03:57:12	f4a6b428-21cd-4d29-a8a9-74b1ef804c4a	undefined: ECONNREFUSED	querySrv	_mongodb._tcp.cluster0.ju1epyg.mongodb.net
20260317	03:57:28	b9692762-c931-43f0-abca-9a8a5d5473a5	undefined: ECONNREFUSED	querySrv	_mongodb._tcp.cluster0.ju1epyg.mongodb.net
20260317	04:00:20	90674d8c-8148-4c8d-a042-c45bec284be9	undefined: ECONNREFUSED	querySrv	_mongodb._tcp.cluster0.ju1epyg.mongodb.net
20260317	04:02:40	6b932ede-eb2f-42d3-90e7-19e8c0fb6af8	undefined: ECONNREFUSED	querySrv	_mongodb._tcp.cluster0.ju1epyg.mongodb.net
20260317	06:35:48	83d6fe06-9b14-49f2-9bc6-b67d4fda2ce9	undefined: ECONNREFUSED	querySrv	_mongodb._tcp.cluster0.ju1epyg.mongodb.net
20260317	06:53:30	7cc663de-b9cd-422c-acf4-7d6b839256e8	undefined: ECONNREFUSED	querySrv	_mongodb._tcp.cluster0.ju1epyg.mongodb.net
20260317	07:02:08	3a049454-bbe8-4817-b375-d179442f5d9d	undefined: ECONNREFUSED	querySrv	_mongodb._tcp.cluster0.ju1epyg.mongodb.net
20260317	07:02:26	7d3c1d4e-e3f1-4a3d-9310-eff45316594a	undefined: ECONNREFUSED	querySrv	_mongodb._tcp.cluster0.ju1epyg.mongodb.net
20260317	07:06:12	14472263-279b-44b1-a2a7-b99ff8dff01e	undefined: ECONNREFUSED	querySrv	_mongodb._tcp.cluster0.ju1epyg.mongodb.net
20260317	07:10:35	6d18e907-631d-40db-a2b8-4211982f72e0	undefined: ECONNREFUSED	querySrv	_mongodb._tcp.cluster0.ju1epyg.mongodb.net
20260322	15:55:19	483d5778-3411-4eb3-bd9a-a47b2e050d02	undefined: undefined	undefined	undefined
20260323	00:37:33	cc01e0bb-7e0d-412b-af02-1e2613bfeacc	undefined: undefined	undefined	undefined
20260323	00:47:23	9fda551e-1e20-4958-bf14-14e302fe03e0	undefined: undefined	undefined	undefined
20260324	15:18:24	a7478a4a-5cab-4333-9ec5-01b9f37f820a	undefined: undefined	undefined	undefined
20260324	15:23:33	262c80d7-cefd-4601-9455-bc2c786364c7	undefined: undefined	undefined	undefined
20260325	17:00:16	0aa02ae1-b2d2-4414-8850-bb8581591425	undefined: undefined	undefined	undefined
20260325	17:21:21	ce57676c-1202-4555-b9f3-69f9318b8e70	undefined: undefined	undefined	undefined
20260325	19:39:44	7920ef0c-5230-4396-a4c7-6694c3fd6a2a	undefined: undefined	undefined	undefined
20260327	12:38:46	a447f965-7c0a-498a-9cfe-a62ac5ecb470	undefined: undefined	undefined	undefined
20260327	18:51:43	08ccdd4c-ead8-4e18-9d5a-e63cfd53af83	undefined: undefined	undefined	undefined
20260327	18:56:22	a989267b-7e93-435f-a13f-42b59d0cbf14	undefined: undefined	undefined	undefined
