20260311	03:28:57	2484b30e-df39-4235-ade5-8ea1cb8223eb	GET	/test	undefined	::ffff:127.0.0.1
20260311	03:35:35	5efab382-cc01-41f4-9fb6-e99b7c26dc11	GET	/test	undefined	::ffff:127.0.0.1
20260311	03:36:54	1675faeb-f0d7-4842-9229-0c9f574af81a	GET	/test	undefined	::ffff:127.0.0.1
20260311	04:17:10	8c185a13-5eb5-438d-b4a3-078e86cd040a	GET	/test	undefined	::ffff:127.0.0.1
20260311	04:20:43	0037a2fc-e23b-4316-a71d-ec33018437ee	GET	/test	undefined	::ffff:127.0.0.1
20260311	05:12:22	b0539de9-2215-42e6-ac65-6ef6429bffd6	GET	/test	undefined	::ffff:127.0.0.1
20260311	05:14:27	3a81fbb2-25c1-4c1d-88fa-60304ad8df36	GET	/test	undefined	::ffff:127.0.0.1
20260311	05:15:21	b23f3860-0c1a-488e-8e66-7579ca12afa7	GET	/test	undefined	::ffff:127.0.0.1
20260311	06:20:14	0a50ca15-c06d-4c82-a201-a501fc57dc25	GET	/test	undefined	::ffff:127.0.0.1
20260311	07:08:08	54eb0c81-fe6b-484b-b880-dd34ddd99c7d	GET	/test	undefined	::ffff:127.0.0.1
20260311	07:12:02	1d6b7faa-9c9d-461d-8c6c-672ba8f48abe	GET	/test	undefined	::ffff:127.0.0.1
20260311	07:12:44	3071dc91-1b41-49d1-a019-252f88e9e453	GET	/test	undefined	::ffff:127.0.0.1
20260311	07:17:48	1a499451-7f0f-4f1e-9874-e21d402ae949	GET	/test	undefined	::ffff:127.0.0.1
20260311	07:21:40	aa1013e8-620d-4107-b8cf-5fc2a5315df3	GET	/test	undefined	::ffff:127.0.0.1
20260311	10:56:26	ed753699-e4af-48a4-b6c0-35b5fcdd3bc4	GET	/test	undefined	::ffff:127.0.0.1
20260311	10:58:53	f110ae03-5ccd-4edd-a8f3-aff6043279eb	GET	/test	undefined	::ffff:127.0.0.1
20260311	10:59:35	4bfd4477-6b07-4a3c-a957-d0d635f2c893	GET	/test	undefined	::ffff:127.0.0.1
20260311	11:02:09	6af5563a-9e8c-41c0-a3de-038b396edab5	GET	/test	undefined	::ffff:127.0.0.1
20260311	11:04:44	f7f62c71-d611-43e2-8d31-5e2ba5ea43ff	GET	/test	undefined	::ffff:127.0.0.1
20260311	11:07:30	15056a31-eafb-4330-933d-9675b0116fb5	GET	/test	undefined	::ffff:127.0.0.1
20260311	11:10:38	1b424586-3815-4177-a89b-ef24ef764d49	GET	/test	undefined	::ffff:127.0.0.1
20260311	11:10:43	ace6238d-9bcd-4853-a3bd-62b92b297328	GET	/test	undefined	::ffff:127.0.0.1
20260313	01:17:53	1039271f-6a56-4316-8185-82357444370e	GET	/test	undefined	::ffff:127.0.0.1
20260313	01:26:22	2585f7ad-ab8c-4221-86b0-416994e96488	GET	/test	undefined	::ffff:127.0.0.1
20260313	01:27:54	f823d3ab-e0af-40ab-95ec-e799639d5644	GET	/test	undefined	::ffff:127.0.0.1
20260317	07:23:53	c8b46b00-3153-41d0-b737-09ef81ac1efe	GET	/	undefined	::1
20260317	07:24:26	89945e91-598f-41f6-8003-ec426a26fd3d	POST	/auth	undefined	::1
20260317	07:24:36	cf4edcfd-a485-4f87-bd17-d3f77ba56f21	POST	/verify	undefined	::1
20260317	07:25:10	9977037d-f560-4ac8-b2a0-a23b515d4f1a	POST	/verify	undefined	::1
20260317	07:26:06	1724a2f8-094d-40b1-8178-4a7b9e82162a	POST	/auth/verify	undefined	::1
20260317	07:26:11	45ca44fe-a3a2-411e-ae49-a46a4a433ef7	POST	/auth/google	undefined	::1
20260317	07:27:34	87caba75-8a93-43b9-8b53-cd5adeeba7a3	GET	/application	undefined	::1
20260317	07:35:37	3000ac98-9e74-463e-bd24-077b1d2a638f	GET	/application	undefined	::1
20260317	07:35:53	dda6bce0-3b4f-42a9-af39-ae50c01b31db	POST	/application	undefined	::1
20260318	03:32:40	d4ddccd4-52a2-4efa-aaf6-68a60679c704	POST	/auth	undefined	::1
20260318	03:39:59	919b6020-1ceb-4fb8-841d-d330ceeb0899	POST	/auth/register	undefined	::1
20260318	03:41:13	c4d12c5f-5bfd-4f4a-b42e-06368dda8a8a	POST	/auth/register	undefined	::1
20260318	03:41:26	4a5f1c3f-0b33-491f-8da4-48322b1136a0	POST	/auth/register	undefined	::1
20260318	03:42:26	58503c97-9029-413f-9dc5-6663da50dae1	POST	/auth/register	undefined	::1
20260318	03:42:56	7c4c726b-5f6d-4934-a748-3604bcc71df7	POST	/auth/register	undefined	::1
20260318	03:50:54	ea94253d-b1eb-4cb9-8fd2-fc360ffd808e	POST	/auth/register	undefined	::1
20260318	03:54:51	ea0e8783-2c34-43d5-846e-e59495b8ee06	POST	/auth/register	undefined	::1
20260318	03:59:20	aa4f371e-0f30-40ac-b408-1051ca3c66bd	POST	/auth/register	undefined	::1
20260318	03:59:50	3fd465d7-3287-4d42-a0ec-f293035c25cb	POST	/auth/register	undefined	::1
20260318	04:06:36	3221e442-325f-4e5f-afa5-73c7b005b002	POST	/auth/register	undefined	::1
20260318	04:12:01	0a355208-7633-4f4b-b739-9ba795d5de6c	POST	/auth/register	undefined	::1
20260318	04:12:14	433df7d3-9222-4c23-8ce3-e720b538e74f	POST	/auth/	undefined	::1
20260318	04:13:10	ed533317-07c9-425f-86aa-98b33a563a01	POST	/auth/	undefined	::1
20260318	04:13:17	f07bf2af-5fec-4c59-9e96-8d30869fb16c	POST	/auth/register	undefined	::1
20260318	04:16:57	3391b4de-2b6e-41c4-9fe4-5af5710b48de	POST	/auth/register	undefined	::1
20260318	04:19:42	8e35ef3f-0c9c-4f4c-842c-f9f52fd56256	POST	/auth/register	undefined	::1
20260318	04:22:00	608449e2-c7c9-44d5-82e4-9b0e8d628885	POST	/auth/register	undefined	::1
20260318	04:23:34	3265ca43-fbaa-4707-894c-a4e165f32905	POST	/auth/	undefined	::1
20260318	04:26:34	d147c505-ad40-445f-be2c-24c482e058b4	POST	/auth/verify/69ba8ad8bdce60709e9eb2ca/f610fcab26e434b13dff4915ef1304b7d54fea8b78260d3d6b8bc3af67d58687	undefined	::1
20260318	04:27:54	c65ba5b9-7a54-487e-aa59-d8488d8fc4d2	POST	/auth/verify/69ba8ad8bdce60709e9eb2ca/f610fcab26e434b13dff4915ef1304b7d54fea8b78260d3d6b8bc3af67d58687	undefined	::1
20260318	04:28:09	05e34a3f-c491-42c1-811a-6a4eee9e5667	POST	/auth	undefined	::1
20260318	04:40:53	fd8fc680-ae09-40fc-a3f8-610c9dd91416	POST	/auth/logout	undefined	::1
20260318	04:41:07	03efbcbe-0b78-465f-9924-8d372e8911fe	POST	/auth	undefined	::1
20260318	04:43:18	1bcb9a95-7c0b-420e-932d-f24008e2161f	POST	/auth	undefined	::1
20260318	04:44:13	122a34ca-10e6-4910-9241-75958e17c628	POST	/auth/refresh	undefined	::1
20260318	04:45:28	b78614d9-3afe-40a0-9daa-1245deced43d	POST	/auth/	undefined	::1
20260318	04:45:57	abf17068-ff1e-4285-bd42-079e5851293a	POST	/auth/logout	undefined	::1
20260318	04:46:13	54623544-6605-4eee-aea8-f11096e83523	POST	/auth/refresh	undefined	::1
20260318	04:51:25	3b44d592-5096-42d8-8df9-d0cf12b4085c	POST	/auth	undefined	::1
20260318	04:51:41	bada2645-df70-4307-8bc6-87dd7e4732d3	POST	/auth/refresh	undefined	::1
20260318	04:53:34	98b3e490-74e5-42a9-9d16-72efe6e61523	POST	/auth/refresh	undefined	::1
20260318	04:54:38	2a831d31-dd28-48c5-a978-267c9c118f25	POST	/auth/refresh	undefined	::1
20260318	04:54:42	14e07397-fb06-40c3-9caf-f46748010daf	POST	/auth/refresh	undefined	::1
20260318	04:54:44	e4964040-ab82-49a3-9bc8-a07c6289ec54	POST	/auth/refresh	undefined	::1
20260318	04:54:54	ce4d64d2-902d-4b5b-ae19-00e27d474adb	POST	/auth/logout	undefined	::1
20260318	04:55:03	a19c36de-f6b6-4590-a160-2947697b8793	POST	/auth/logout	undefined	::1
20260318	04:55:33	3bfb5243-b57f-4642-be22-19a0babef5f1	POST	/auth/logout	undefined	::1
20260318	04:55:44	0425f00f-1e06-4ff4-9d01-42861d1e8b80	POST	/auth/refresh	undefined	::1
20260318	04:55:51	20e6cded-ca73-4160-b834-a9f718e6439f	POST	/auth/login	undefined	::1
20260318	04:55:56	8457ebfa-9502-47b4-abd5-9290aa175c36	POST	/auth	undefined	::1
20260318	04:56:07	ca3d534e-9322-42be-b1c1-f403b0353c18	POST	/auth/refresh	undefined	::1
20260318	04:57:50	9a2d442e-561a-40a6-b4e3-265d771b2fa4	GET	/application/courses	undefined	::1
20260318	04:58:32	b3020630-19b7-468c-9160-518e11e1711e	GET	/application/	undefined	::1
20260318	04:59:11	21d1c6c9-844f-4f3c-8d8f-128a6b330785	GET	/application/	undefined	::1
20260318	05:00:28	7ec59f69-147f-4570-9b44-884bfc3fbd0d	POST	/application/	undefined	::1
20260318	05:22:21	b86fce12-d6cb-42d7-a041-0fd66bccc357	POST	/application/	undefined	::1
20260318	05:23:20	cf6ff329-a91c-4b54-9348-a46e65c7b3fd	POST	/application/	undefined	::1
20260318	05:23:24	c8d14658-1059-4d89-a344-4b5b888b4fde	POST	/application/	undefined	::1
20260318	05:23:28	95c37e65-8697-4083-87cc-37618b24f38a	POST	/auth/	undefined	::1
20260318	05:25:52	97becb99-66f6-40cb-a9b9-01e2a8a6a63d	POST	/auth/	undefined	::1
20260318	05:31:18	a9e65b34-8e30-4007-baf8-dfb6fa71bf6b	POST	/application/	undefined	::1
20260318	05:35:03	87359b7c-abac-48a5-9c97-9310814c5cca	POST	/application/	undefined	::1
20260318	06:20:46	838cb97f-c9a0-4aa2-bdc9-b32df1f08786	POST	/application/	undefined	::1
20260318	06:25:02	1d3d6a6a-9d76-4d0c-a758-81228954b0e3	POST	/application/	undefined	::1
20260318	06:33:30	13a229d1-4f44-4f31-82cf-cfd6519b78e3	POST	/application/	undefined	::1
20260318	06:33:52	c8cd456b-3618-4635-98f0-05a074510b0a	POST	/auth/refresh	undefined	::1
20260318	06:33:58	8e15e27f-f2a3-46a4-95d6-bee5035abe81	POST	/auth/refresh	undefined	::1
20260318	06:34:18	958a9249-8745-4c34-a171-ee653820ee9a	POST	/application/	undefined	::1
20260318	06:35:45	41057ec6-1066-405f-9e89-2f3c201a954e	POST	/application/	undefined	::1
20260318	06:36:36	bc56e390-1a05-4e3a-8bd1-df417ad56912	POST	/application/	undefined	::1
20260318	06:36:55	ce83eb86-d47f-4908-958b-7e8c0a6614d9	POST	/application/	undefined	::1
20260318	06:41:18	eb8902bf-3786-46e2-9b18-168475861756	POST	/application/	undefined	::1
20260318	06:41:29	c995731a-534b-4826-a18d-9ac88ce2f6c7	POST	/application/	undefined	::1
20260318	06:43:18	c78d4933-b444-47dd-9850-55e7279d17f7	POST	/application/	undefined	::1
20260318	06:43:31	ec9c4c52-97bc-42d8-8765-cccd2f228114	POST	/application/	undefined	::1
20260318	06:45:04	2cec5bee-66b4-4838-a2e7-b37fd5209a62	POST	/application/	undefined	::1
20260318	06:46:35	a8d0209a-1bb6-4a9a-bc04-9fa9560947e3	POST	/application/	undefined	::1
20260318	06:46:45	17ef236f-e255-44e8-b6cf-3dcf9c1bfa5c	POST	/application/	undefined	::1
20260318	06:46:52	e9aa66e2-e15d-4aec-b3c6-45aea56e383a	POST	/application/	undefined	::1
20260318	06:48:40	1009db4e-13e6-486d-b6a7-973768789b9f	POST	/application/	undefined	::1
20260318	06:49:11	543aa8a1-f880-4b54-bf81-3019a2fc1f27	POST	/application/	undefined	::1
20260318	06:49:28	b6e1d9dd-ffde-42d2-be58-5382b377c3a0	POST	/application/	undefined	::1
20260318	06:50:35	688a7ab4-12da-4aa2-a44d-790e21494eec	POST	/application/	undefined	::1
20260318	06:54:55	72ed902a-1256-4833-bdef-b75113969225	POST	/application/	undefined	::1
20260318	06:55:47	a5b47adc-df38-4268-bf16-10191367dcf5	POST	/application/	undefined	::1
20260318	06:56:21	9ce73011-f398-41c3-980d-caedb64b5d44	POST	/application/	undefined	::1
20260318	06:56:27	373f0e48-28f1-464c-a3b3-cf7aded1b631	POST	/application/	undefined	::1
20260318	06:57:01	0b5de23c-3513-4ff3-b993-47a9228e1d4f	POST	/application/	undefined	::1
20260318	06:57:35	c1d238f8-79b1-4d4b-9be2-ecca388b2835	POST	/application/	undefined	::1
20260318	06:59:20	1a37ca50-9e87-4fa5-b93e-fbc115da4462	POST	/application/	undefined	::1
20260318	06:59:46	4de9a970-3bee-47e3-b3ee-e6d93f73ac22	POST	/application/	undefined	::1
20260318	07:05:06	2765c556-5a69-4673-a11b-74c3f66fa75e	POST	/application/	undefined	::1
20260318	07:05:40	453aeeca-70d4-4372-91db-8fa4e065b21f	POST	/application/	undefined	::1
20260318	07:06:18	299a7486-6568-47a2-8e31-5ddb1c6bced9	POST	/application/	undefined	::1
20260318	07:06:59	94cf9d17-25de-4268-81b1-0db5ccf99621	POST	/application/	undefined	::1
20260318	07:24:12	fc044fdd-c3f3-4afe-acfb-b4feda0a51f6	POST	/application/	undefined	::1
20260318	07:24:50	46684c44-7683-451f-a5db-84689e97ca43	POST	/application/	undefined	::1
20260318	07:25:25	fc88fdb0-0fb9-4c62-a04f-9824575ee258	POST	/application/	undefined	::1
20260318	07:28:16	8294ff46-7712-4ba8-8848-7e8bea6eabec	POST	/application/	undefined	::1
20260318	07:28:25	4fa46d6d-8885-4cdd-bda8-c7e2271cb63f	POST	/application/	undefined	::1
20260318	07:30:54	88996ab7-ee75-4362-9daf-7d2f4eb0ce57	POST	/application/	undefined	::1
20260318	07:32:42	a7029cbb-59d9-48ed-add3-27e67d1332bd	POST	/application/	undefined	::1
20260318	07:37:21	18ee7c50-387d-4275-bfa6-836aabb22b9d	POST	/application/	undefined	::1
20260318	07:37:32	5dfc64de-337b-4755-b0b2-7adff5a3a062	POST	/auth/refresh	undefined	::1
20260318	07:37:51	9cb06c37-6794-4bb2-b442-0573b57c02c8	POST	/application/	undefined	::1
20260318	07:42:11	996a8ec7-838f-4d62-b3eb-5ad4639eb728	POST	/application/	undefined	::1
20260318	07:47:11	34e1d9ce-f726-4539-be62-302d7954697d	POST	/application/	undefined	::1
20260318	07:48:08	7087d51c-4928-4620-8627-4a5425d85b97	POST	/application/	undefined	::1
20260318	07:48:58	fe1c7639-9872-40d1-b7dc-b440650f67ff	POST	/application/	undefined	::1
20260318	07:55:14	9185359a-26dd-4dca-8b48-e64d21749d13	POST	/application/	undefined	::1
20260318	07:57:22	55e3af4e-3a4c-4c42-849c-8cd9f32a9f32	POST	/application/	undefined	::1
20260318	07:58:13	8272d1a2-a1d7-4109-bdd4-24dbd3139f0e	POST	/application/	undefined	::1
20260318	07:58:25	771bad50-95aa-4b7d-a03a-d6d2bd129679	POST	/application/	undefined	::1
20260318	08:02:35	45159958-be3b-48a6-bf3a-f5ddd5aa7f9c	GET	/application/approve/jgjjggj	undefined	::1
20260318	08:04:04	aa84f75e-24d8-4ede-964c-58157dec2e2b	GET	/application/approve/jgjjggj	undefined	::1
20260318	08:05:39	9b1049bd-8981-4921-9f4f-141a3b9d6926	GET	/application/approve/jgjjggj	undefined	::1
20260318	08:08:49	48f0236f-d771-4514-9e56-094eaa846126	GET	/application/approve/jgjjggj	undefined	::1
20260318	08:12:12	3162cab4-3975-4f55-b973-ff92bae05a84	GET	/application/approve/69babd9524f84b1accb7d924	undefined	::1
20260318	08:18:36	d9786709-290a-4ece-a732-65a4e0018464	POST	/application/	undefined	::1
20260318	08:18:47	76ab92e8-cc9b-45d4-b8b8-82949fe76c47	POST	/auth/refresh	undefined	::1
20260318	08:18:58	3d318c0e-9897-49fd-8944-d38080e16262	POST	/auth/	undefined	::1
20260318	08:19:07	8942134a-27b0-4d12-8435-fe2554c0dcd4	POST	/auth/register	undefined	::1
20260318	08:21:57	74dda661-c447-4c18-a08b-38c6c0dce4de	POST	/auth/verify/69bac26ca352b2af75e93a7d/124c54b1ede3704c360b9ac953127d4830be16ebbfcf57915ce609df55ade906	undefined	::1
20260318	08:22:17	382b8152-fbda-4029-9bb9-c9f205f93f00	POST	/auth	undefined	::1
20260318	08:22:49	d84cb8fc-b0cf-4309-ad8c-52da9ad387cf	POST	/application/	undefined	::1
20260318	08:28:00	2dab2cfc-8853-452b-bb6c-bc75ab5846ec	POST	/application/	undefined	::1
20260318	08:29:04	31a37cc6-7987-40a2-9b7d-4eb7f4eaadfe	POST	/application/	undefined	::1
20260318	08:29:56	3f8d5003-23cf-4c28-87a4-52a385cdfe61	POST	/application/	undefined	::1
20260318	08:30:40	447ce9b6-c5f9-471d-adba-86983d0a3cba	POST	/application/	undefined	::1
20260318	08:33:12	a3651ead-f889-4ba1-81ae-a9e5bbaa0aff	POST	/application/approve/69babd9524f84b1accb7d924	undefined	::1
20260318	08:35:02	69021bc0-af0c-49b7-a643-fd0ae3adbbc3	POST	/application/approve/69babd9524f84b1accb7d924	undefined	::1
20260318	08:38:04	87edd9a6-b6c4-4382-b7d1-2b6d1ca11b08	POST	/application/approve/69babd9524f84b1accb7d924	undefined	::1
20260318	08:38:14	ac9caab8-3ef6-43fe-b48e-3f4fdd92b297	POST	/application/approve/69bac48acc766cca574c1125	undefined	::1
20260318	08:40:39	db2af45a-ea41-4641-a84c-7eda641db89c	POST	/application/approve/69bac48acc766cca574c1125	undefined	::1
20260318	08:41:53	ecc21b1c-797b-48d0-9694-5e3b924fc37c	POST	/application/approve/69bac525cc766cca574c112f	undefined	::1
20260318	08:49:49	b852473a-5ca7-4f05-bb23-8fa782a69f4a	POST	/application/approve/69bac525cc766cca574c112f	undefined	::1
20260318	08:52:19	a4241169-f953-4605-93a7-2536d5718a17	POST	/application/approve/69bac48acc766cca574c1125	undefined	::1
20260318	08:54:49	79c8bc03-15c7-4383-9869-8a5a7287c43a	POST	/application/approve/69bac48acc766cca574c1125	undefined	::1
20260318	08:56:55	61ca0dc9-f69c-4ab3-9b80-e685d52388d7	POST	/application/approve/69bac48acc766cca574c1125	undefined	::1
20260318	08:58:05	1db6034d-8642-4a09-986b-c4a6fb50031f	POST	/application/approve/69bac48acc766cca574c1125	undefined	::1
20260318	09:02:44	79f6ea13-3459-40b1-aa0a-bb27376d6e55	POST	/application/approve/69bac48acc766cca574c1125	undefined	::1
20260318	09:11:00	24f33661-7b3e-463e-a3bd-97e096319f67	POST	/test	undefined	::1
20260318	09:11:09	2bc1afb9-efd8-410f-8a59-ea5a0f4a56ab	GET	/test	undefined	::1
20260318	09:18:04	7db8fa95-5740-463a-9467-3a72f6970212	POST	/application/courses	undefined	::1
20260318	09:18:10	3ef6de89-33e4-4452-b17b-a9a672e67c83	GET	/application/courses	undefined	::1
20260318	09:18:28	30f7ad4b-1481-402b-9cf2-e0322df1d963	GET	/application/payments	undefined	::1
20260318	09:18:43	c3085dcc-3784-42bb-a832-9eaffe5c588f	GET	/application/payments	undefined	::1
20260318	09:21:03	8bc0aea8-83c9-4e68-b752-fb7450156d2f	GET	/application/payments	undefined	::1
20260318	09:21:41	ffe74d3e-e558-41b8-a761-5de2c9e130b3	GET	/application/payments	undefined	::1
